0 info it worked if it ends with ok
1 verbose cli [ '/usr/local/Cellar/node/5.10.1/bin/node',
1 verbose cli   '/usr/local/bin/npm',
1 verbose cli   'install',
1 verbose cli   '-g' ]
2 info using npm@3.10.3
3 info using node@v6.4.0
4 silly loadCurrentTree Starting
5 silly install loadCurrentTree
6 silly install readGlobalPackageData
7 silly fetchPackageMetaData .
8 silly fetchDirectoryPackageData .
9 silly install normalizeTree
10 silly loadCurrentTree Finishing
11 silly loadIdealTree Starting
12 silly install loadIdealTree
13 silly cloneCurrentTree Starting
14 silly install cloneCurrentTreeToIdealTree
15 silly cloneCurrentTree Finishing
16 silly loadShrinkwrap Starting
17 silly install loadShrinkwrap
18 silly loadShrinkwrap Finishing
19 silly loadAllDepsIntoIdealTree Starting
20 silly install loadAllDepsIntoIdealTree
21 silly resolveWithNewModule saffie@1.0.0 checking installable status
22 silly cache add args [ '.', null ]
23 verbose cache add spec .
24 silly cache add parsed spec Result {
24 silly cache add   raw: '.',
24 silly cache add   scope: null,
24 silly cache add   escapedName: null,
24 silly cache add   name: null,
24 silly cache add   rawSpec: '.',
24 silly cache add   spec: '/Users/antonio/Documents/universidad/10mo Semestre/Diseño de Software',
24 silly cache add   type: 'directory' }
25 verbose addLocalDirectory /Users/antonio/.npm/saffie/1.0.0/package.tgz not in flight; packing
26 verbose correctMkdir /Users/antonio/.npm correctMkdir not in flight; initializing
27 info lifecycle saffie@1.0.0~prepublish: saffie@1.0.0
28 silly lifecycle saffie@1.0.0~prepublish: no script for prepublish, continuing
29 verbose tar pack [ '/Users/antonio/.npm/saffie/1.0.0/package.tgz',
29 verbose tar pack   '/Users/antonio/Documents/universidad/10mo Semestre/Diseño de Software' ]
30 verbose tarball /Users/antonio/.npm/saffie/1.0.0/package.tgz
31 verbose folder /Users/antonio/Documents/universidad/10mo Semestre/Diseño de Software
32 verbose addLocalTarball adding from inside cache /Users/antonio/.npm/saffie/1.0.0/package.tgz
33 verbose correctMkdir /Users/antonio/.npm correctMkdir not in flight; initializing
34 silly cache afterAdd saffie@1.0.0
35 verbose afterAdd /Users/antonio/.npm/saffie/1.0.0/package/package.json not in flight; writing
36 verbose correctMkdir /Users/antonio/.npm correctMkdir not in flight; initializing
37 verbose afterAdd /Users/antonio/.npm/saffie/1.0.0/package/package.json written
38 silly fetchNamedPackageData commander
39 silly mapToRegistry name commander
40 silly mapToRegistry using default registry
41 silly mapToRegistry registry https://registry.npmjs.org/
42 silly mapToRegistry data Result {
42 silly mapToRegistry   raw: 'commander',
42 silly mapToRegistry   scope: null,
42 silly mapToRegistry   escapedName: 'commander',
42 silly mapToRegistry   name: 'commander',
42 silly mapToRegistry   rawSpec: '',
42 silly mapToRegistry   spec: 'latest',
42 silly mapToRegistry   type: 'tag' }
43 silly mapToRegistry uri https://registry.npmjs.org/commander
44 silly fetchNamedPackageData requestify
45 silly mapToRegistry name requestify
46 silly mapToRegistry using default registry
47 silly mapToRegistry registry https://registry.npmjs.org/
48 silly mapToRegistry data Result {
48 silly mapToRegistry   raw: 'requestify',
48 silly mapToRegistry   scope: null,
48 silly mapToRegistry   escapedName: 'requestify',
48 silly mapToRegistry   name: 'requestify',
48 silly mapToRegistry   rawSpec: '',
48 silly mapToRegistry   spec: 'latest',
48 silly mapToRegistry   type: 'tag' }
49 silly mapToRegistry uri https://registry.npmjs.org/requestify
50 verbose request uri https://registry.npmjs.org/commander
51 verbose request no auth needed
52 info attempt registry request try #1 at 11:01:57 AM
53 verbose request id b0953c03e3a88098
54 verbose etag "7KUKBNIBWOWGMZ0ZSTDFSRVRL"
55 http request GET https://registry.npmjs.org/commander
56 verbose request uri https://registry.npmjs.org/requestify
57 verbose request no auth needed
58 info attempt registry request try #1 at 11:01:57 AM
59 verbose etag "4IJRVFW7MYM524GAC0VW28ZOF"
60 http request GET https://registry.npmjs.org/requestify
61 http 304 https://registry.npmjs.org/commander
62 verbose headers { date: 'Mon, 05 Sep 2016 14:02:04 GMT',
62 verbose headers   via: '1.1 varnish',
62 verbose headers   'cache-control': 'max-age=300',
62 verbose headers   etag: '"7KUKBNIBWOWGMZ0ZSTDFSRVRL"',
62 verbose headers   age: '207',
62 verbose headers   connection: 'keep-alive',
62 verbose headers   'x-served-by': 'cache-mia1320-MIA',
62 verbose headers   'x-cache': 'HIT',
62 verbose headers   'x-cache-hits': '16',
62 verbose headers   'x-timer': 'S1473084124.766608,VS0,VE0',
62 verbose headers   vary: 'Accept-Encoding' }
63 silly get cb [ 304,
63 silly get   { date: 'Mon, 05 Sep 2016 14:02:04 GMT',
63 silly get     via: '1.1 varnish',
63 silly get     'cache-control': 'max-age=300',
63 silly get     etag: '"7KUKBNIBWOWGMZ0ZSTDFSRVRL"',
63 silly get     age: '207',
63 silly get     connection: 'keep-alive',
63 silly get     'x-served-by': 'cache-mia1320-MIA',
63 silly get     'x-cache': 'HIT',
63 silly get     'x-cache-hits': '16',
63 silly get     'x-timer': 'S1473084124.766608,VS0,VE0',
63 silly get     vary: 'Accept-Encoding' } ]
64 verbose etag https://registry.npmjs.org/commander from cache
65 verbose get saving commander to /Users/antonio/.npm/registry.npmjs.org/commander/.cache.json
66 verbose correctMkdir /Users/antonio/.npm correctMkdir not in flight; initializing
67 silly resolveWithNewModule commander@2.9.0 checking installable status
68 silly cache add args [ 'commander@^2.9.0', null ]
69 verbose cache add spec commander@^2.9.0
70 silly cache add parsed spec Result {
70 silly cache add   raw: 'commander@^2.9.0',
70 silly cache add   scope: null,
70 silly cache add   escapedName: 'commander',
70 silly cache add   name: 'commander',
70 silly cache add   rawSpec: '^2.9.0',
70 silly cache add   spec: '>=2.9.0 <3.0.0',
70 silly cache add   type: 'range' }
71 silly addNamed commander@>=2.9.0 <3.0.0
72 verbose addNamed ">=2.9.0 <3.0.0" is a valid semver range for commander
73 silly addNameRange { name: 'commander', range: '>=2.9.0 <3.0.0', hasData: false }
74 silly mapToRegistry name commander
75 silly mapToRegistry using default registry
76 silly mapToRegistry registry https://registry.npmjs.org/
77 silly mapToRegistry data Result {
77 silly mapToRegistry   raw: 'commander',
77 silly mapToRegistry   scope: null,
77 silly mapToRegistry   escapedName: 'commander',
77 silly mapToRegistry   name: 'commander',
77 silly mapToRegistry   rawSpec: '',
77 silly mapToRegistry   spec: 'latest',
77 silly mapToRegistry   type: 'tag' }
78 silly mapToRegistry uri https://registry.npmjs.org/commander
79 verbose addNameRange registry:https://registry.npmjs.org/commander not in flight; fetching
80 verbose get https://registry.npmjs.org/commander not expired, no request
81 silly addNameRange number 2 { name: 'commander', range: '>=2.9.0 <3.0.0', hasData: true }
82 silly addNameRange versions [ 'commander',
82 silly addNameRange   [ '0.0.1',
82 silly addNameRange     '0.0.3',
82 silly addNameRange     '0.0.4',
82 silly addNameRange     '0.0.5',
82 silly addNameRange     '0.1.0',
82 silly addNameRange     '0.2.0',
82 silly addNameRange     '0.2.1',
82 silly addNameRange     '0.3.0',
82 silly addNameRange     '0.3.1',
82 silly addNameRange     '0.3.2',
82 silly addNameRange     '0.3.3',
82 silly addNameRange     '0.4.0',
82 silly addNameRange     '0.4.1',
82 silly addNameRange     '0.4.2',
82 silly addNameRange     '0.4.3',
82 silly addNameRange     '0.5.0',
82 silly addNameRange     '0.5.1',
82 silly addNameRange     '0.6.0',
82 silly addNameRange     '0.6.1',
82 silly addNameRange     '0.5.2',
82 silly addNameRange     '1.0.0',
82 silly addNameRange     '1.0.1',
82 silly addNameRange     '1.0.2',
82 silly addNameRange     '1.0.3',
82 silly addNameRange     '1.0.4',
82 silly addNameRange     '1.0.5',
82 silly addNameRange     '1.1.0',
82 silly addNameRange     '1.1.1',
82 silly addNameRange     '1.2.0',
82 silly addNameRange     '1.3.0',
82 silly addNameRange     '1.3.1',
82 silly addNameRange     '1.3.2',
82 silly addNameRange     '2.0.0',
82 silly addNameRange     '2.1.0',
82 silly addNameRange     '2.2.0',
82 silly addNameRange     '2.3.0',
82 silly addNameRange     '2.4.0',
82 silly addNameRange     '2.5.0',
82 silly addNameRange     '2.5.1',
82 silly addNameRange     '2.6.0',
82 silly addNameRange     '2.7.0',
82 silly addNameRange     '2.7.1',
82 silly addNameRange     '2.8.0',
82 silly addNameRange     '2.8.1',
82 silly addNameRange     '2.9.0' ] ]
83 silly addNamed commander@2.9.0
84 verbose addNamed "2.9.0" is a plain semver version for commander
85 silly cache afterAdd commander@2.9.0
86 verbose afterAdd /Users/antonio/.npm/commander/2.9.0/package/package.json not in flight; writing
87 verbose correctMkdir /Users/antonio/.npm correctMkdir not in flight; initializing
88 verbose afterAdd /Users/antonio/.npm/commander/2.9.0/package/package.json written
89 http 304 https://registry.npmjs.org/requestify
90 verbose headers { date: 'Mon, 05 Sep 2016 14:02:04 GMT',
90 verbose headers   via: '1.1 varnish',
90 verbose headers   'cache-control': 'max-age=300',
90 verbose headers   etag: '"4IJRVFW7MYM524GAC0VW28ZOF"',
90 verbose headers   age: '0',
90 verbose headers   connection: 'keep-alive',
90 verbose headers   'x-served-by': 'cache-mia1321-MIA',
90 verbose headers   'x-cache': 'HIT',
90 verbose headers   'x-cache-hits': '1',
90 verbose headers   'x-timer': 'S1473084124.765564,VS0,VE215',
90 verbose headers   vary: 'Accept-Encoding' }
91 silly get cb [ 304,
91 silly get   { date: 'Mon, 05 Sep 2016 14:02:04 GMT',
91 silly get     via: '1.1 varnish',
91 silly get     'cache-control': 'max-age=300',
91 silly get     etag: '"4IJRVFW7MYM524GAC0VW28ZOF"',
91 silly get     age: '0',
91 silly get     connection: 'keep-alive',
91 silly get     'x-served-by': 'cache-mia1321-MIA',
91 silly get     'x-cache': 'HIT',
91 silly get     'x-cache-hits': '1',
91 silly get     'x-timer': 'S1473084124.765564,VS0,VE215',
91 silly get     vary: 'Accept-Encoding' } ]
92 verbose etag https://registry.npmjs.org/requestify from cache
93 verbose get saving requestify to /Users/antonio/.npm/registry.npmjs.org/requestify/.cache.json
94 verbose correctMkdir /Users/antonio/.npm correctMkdir not in flight; initializing
95 silly resolveWithNewModule requestify@0.2.3 checking installable status
96 silly cache add args [ 'requestify@^0.2.3', null ]
97 verbose cache add spec requestify@^0.2.3
98 silly cache add parsed spec Result {
98 silly cache add   raw: 'requestify@^0.2.3',
98 silly cache add   scope: null,
98 silly cache add   escapedName: 'requestify',
98 silly cache add   name: 'requestify',
98 silly cache add   rawSpec: '^0.2.3',
98 silly cache add   spec: '>=0.2.3 <0.3.0',
98 silly cache add   type: 'range' }
99 silly addNamed requestify@>=0.2.3 <0.3.0
100 verbose addNamed ">=0.2.3 <0.3.0" is a valid semver range for requestify
101 silly addNameRange { name: 'requestify', range: '>=0.2.3 <0.3.0', hasData: false }
102 silly mapToRegistry name requestify
103 silly mapToRegistry using default registry
104 silly mapToRegistry registry https://registry.npmjs.org/
105 silly mapToRegistry data Result {
105 silly mapToRegistry   raw: 'requestify',
105 silly mapToRegistry   scope: null,
105 silly mapToRegistry   escapedName: 'requestify',
105 silly mapToRegistry   name: 'requestify',
105 silly mapToRegistry   rawSpec: '',
105 silly mapToRegistry   spec: 'latest',
105 silly mapToRegistry   type: 'tag' }
106 silly mapToRegistry uri https://registry.npmjs.org/requestify
107 verbose addNameRange registry:https://registry.npmjs.org/requestify not in flight; fetching
108 verbose get https://registry.npmjs.org/requestify not expired, no request
109 silly addNameRange number 2 { name: 'requestify', range: '>=0.2.3 <0.3.0', hasData: true }
110 silly addNameRange versions [ 'requestify',
110 silly addNameRange   [ '0.1.2',
110 silly addNameRange     '0.1.3',
110 silly addNameRange     '0.1.4',
110 silly addNameRange     '0.1.5',
110 silly addNameRange     '0.1.6',
110 silly addNameRange     '0.1.7',
110 silly addNameRange     '0.1.8',
110 silly addNameRange     '0.1.9',
110 silly addNameRange     '0.1.10',
110 silly addNameRange     '0.1.11',
110 silly addNameRange     '0.1.12',
110 silly addNameRange     '0.1.13',
110 silly addNameRange     '0.1.14',
110 silly addNameRange     '0.1.15',
110 silly addNameRange     '0.1.16',
110 silly addNameRange     '0.1.17',
110 silly addNameRange     '0.2.0',
110 silly addNameRange     '0.2.1',
110 silly addNameRange     '0.2.2',
110 silly addNameRange     '0.2.3' ] ]
111 silly addNamed requestify@0.2.3
112 verbose addNamed "0.2.3" is a plain semver version for requestify
113 silly cache afterAdd requestify@0.2.3
114 verbose afterAdd /Users/antonio/.npm/requestify/0.2.3/package/package.json not in flight; writing
115 verbose correctMkdir /Users/antonio/.npm correctMkdir not in flight; initializing
116 verbose afterAdd /Users/antonio/.npm/requestify/0.2.3/package/package.json written
117 silly fetchNamedPackageData graceful-readlink
118 silly mapToRegistry name graceful-readlink
119 silly mapToRegistry using default registry
120 silly mapToRegistry registry https://registry.npmjs.org/
121 silly mapToRegistry data Result {
121 silly mapToRegistry   raw: 'graceful-readlink',
121 silly mapToRegistry   scope: null,
121 silly mapToRegistry   escapedName: 'graceful-readlink',
121 silly mapToRegistry   name: 'graceful-readlink',
121 silly mapToRegistry   rawSpec: '',
121 silly mapToRegistry   spec: 'latest',
121 silly mapToRegistry   type: 'tag' }
122 silly mapToRegistry uri https://registry.npmjs.org/graceful-readlink
123 verbose request uri https://registry.npmjs.org/graceful-readlink
124 verbose request no auth needed
125 info attempt registry request try #1 at 11:01:58 AM
126 verbose etag "4Y89F8JDJP0YPHGBB0IMVMPJA"
127 http request GET https://registry.npmjs.org/graceful-readlink
128 http 304 https://registry.npmjs.org/graceful-readlink
129 verbose headers { date: 'Mon, 05 Sep 2016 14:02:05 GMT',
129 verbose headers   via: '1.1 varnish',
129 verbose headers   'cache-control': 'max-age=300',
129 verbose headers   etag: '"4Y89F8JDJP0YPHGBB0IMVMPJA"',
129 verbose headers   age: '0',
129 verbose headers   connection: 'keep-alive',
129 verbose headers   'x-served-by': 'cache-mia1320-MIA',
129 verbose headers   'x-cache': 'HIT',
129 verbose headers   'x-cache-hits': '1',
129 verbose headers   'x-timer': 'S1473084125.165022,VS0,VE102',
129 verbose headers   vary: 'Accept-Encoding' }
130 silly get cb [ 304,
130 silly get   { date: 'Mon, 05 Sep 2016 14:02:05 GMT',
130 silly get     via: '1.1 varnish',
130 silly get     'cache-control': 'max-age=300',
130 silly get     etag: '"4Y89F8JDJP0YPHGBB0IMVMPJA"',
130 silly get     age: '0',
130 silly get     connection: 'keep-alive',
130 silly get     'x-served-by': 'cache-mia1320-MIA',
130 silly get     'x-cache': 'HIT',
130 silly get     'x-cache-hits': '1',
130 silly get     'x-timer': 'S1473084125.165022,VS0,VE102',
130 silly get     vary: 'Accept-Encoding' } ]
131 verbose etag https://registry.npmjs.org/graceful-readlink from cache
132 verbose get saving graceful-readlink to /Users/antonio/.npm/registry.npmjs.org/graceful-readlink/.cache.json
133 verbose correctMkdir /Users/antonio/.npm correctMkdir not in flight; initializing
134 silly resolveWithNewModule graceful-readlink@1.0.1 checking installable status
135 silly cache add args [ 'graceful-readlink@>= 1.0.0', null ]
136 verbose cache add spec graceful-readlink@>= 1.0.0
137 silly cache add parsed spec Result {
137 silly cache add   raw: 'graceful-readlink@>= 1.0.0',
137 silly cache add   scope: null,
137 silly cache add   escapedName: 'graceful-readlink',
137 silly cache add   name: 'graceful-readlink',
137 silly cache add   rawSpec: '>= 1.0.0',
137 silly cache add   spec: '>=1.0.0',
137 silly cache add   type: 'range' }
138 silly addNamed graceful-readlink@>=1.0.0
139 verbose addNamed ">=1.0.0" is a valid semver range for graceful-readlink
140 silly addNameRange { name: 'graceful-readlink', range: '>=1.0.0', hasData: false }
141 silly mapToRegistry name graceful-readlink
142 silly mapToRegistry using default registry
143 silly mapToRegistry registry https://registry.npmjs.org/
144 silly mapToRegistry data Result {
144 silly mapToRegistry   raw: 'graceful-readlink',
144 silly mapToRegistry   scope: null,
144 silly mapToRegistry   escapedName: 'graceful-readlink',
144 silly mapToRegistry   name: 'graceful-readlink',
144 silly mapToRegistry   rawSpec: '',
144 silly mapToRegistry   spec: 'latest',
144 silly mapToRegistry   type: 'tag' }
145 silly mapToRegistry uri https://registry.npmjs.org/graceful-readlink
146 verbose addNameRange registry:https://registry.npmjs.org/graceful-readlink not in flight; fetching
147 verbose get https://registry.npmjs.org/graceful-readlink not expired, no request
148 silly addNameRange number 2 { name: 'graceful-readlink', range: '>=1.0.0', hasData: true }
149 silly addNameRange versions [ 'graceful-readlink', [ '1.0.0', '1.0.1' ] ]
150 silly addNamed graceful-readlink@1.0.1
151 verbose addNamed "1.0.1" is a plain semver version for graceful-readlink
152 silly cache afterAdd graceful-readlink@1.0.1
153 verbose afterAdd /Users/antonio/.npm/graceful-readlink/1.0.1/package/package.json not in flight; writing
154 verbose correctMkdir /Users/antonio/.npm correctMkdir not in flight; initializing
155 verbose afterAdd /Users/antonio/.npm/graceful-readlink/1.0.1/package/package.json written
156 silly fetchNamedPackageData jquery
157 silly mapToRegistry name jquery
158 silly mapToRegistry using default registry
159 silly mapToRegistry registry https://registry.npmjs.org/
160 silly mapToRegistry data Result {
160 silly mapToRegistry   raw: 'jquery',
160 silly mapToRegistry   scope: null,
160 silly mapToRegistry   escapedName: 'jquery',
160 silly mapToRegistry   name: 'jquery',
160 silly mapToRegistry   rawSpec: '',
160 silly mapToRegistry   spec: 'latest',
160 silly mapToRegistry   type: 'tag' }
161 silly mapToRegistry uri https://registry.npmjs.org/jquery
162 silly fetchNamedPackageData q
163 silly mapToRegistry name q
164 silly mapToRegistry using default registry
165 silly mapToRegistry registry https://registry.npmjs.org/
166 silly mapToRegistry data Result {
166 silly mapToRegistry   raw: 'q',
166 silly mapToRegistry   scope: null,
166 silly mapToRegistry   escapedName: 'q',
166 silly mapToRegistry   name: 'q',
166 silly mapToRegistry   rawSpec: '',
166 silly mapToRegistry   spec: 'latest',
166 silly mapToRegistry   type: 'tag' }
167 silly mapToRegistry uri https://registry.npmjs.org/q
168 silly fetchNamedPackageData underscore
169 silly mapToRegistry name underscore
170 silly mapToRegistry using default registry
171 silly mapToRegistry registry https://registry.npmjs.org/
172 silly mapToRegistry data Result {
172 silly mapToRegistry   raw: 'underscore',
172 silly mapToRegistry   scope: null,
172 silly mapToRegistry   escapedName: 'underscore',
172 silly mapToRegistry   name: 'underscore',
172 silly mapToRegistry   rawSpec: '',
172 silly mapToRegistry   spec: 'latest',
172 silly mapToRegistry   type: 'tag' }
173 silly mapToRegistry uri https://registry.npmjs.org/underscore
174 verbose request uri https://registry.npmjs.org/jquery
175 verbose request no auth needed
176 info attempt registry request try #1 at 11:01:58 AM
177 verbose etag "7E6SMN4GVREDPKWUAWI153HWA"
178 http request GET https://registry.npmjs.org/jquery
179 verbose request uri https://registry.npmjs.org/underscore
180 verbose request no auth needed
181 info attempt registry request try #1 at 11:01:58 AM
182 verbose etag "EXSGC9XN4BY9ZERJQY6818XUF"
183 http request GET https://registry.npmjs.org/underscore
184 verbose request uri https://registry.npmjs.org/q
185 verbose request no auth needed
186 info attempt registry request try #1 at 11:01:58 AM
187 verbose etag "DGXNN6CYEHK4H59TUSC3D6FHP"
188 http request GET https://registry.npmjs.org/q
189 http 304 https://registry.npmjs.org/underscore
190 verbose headers { date: 'Mon, 05 Sep 2016 14:02:05 GMT',
190 verbose headers   via: '1.1 varnish',
190 verbose headers   'cache-control': 'max-age=300',
190 verbose headers   etag: '"EXSGC9XN4BY9ZERJQY6818XUF"',
190 verbose headers   age: '83',
190 verbose headers   connection: 'keep-alive',
190 verbose headers   'x-served-by': 'cache-mia1320-MIA',
190 verbose headers   'x-cache': 'HIT',
190 verbose headers   'x-cache-hits': '10',
190 verbose headers   'x-timer': 'S1473084125.437497,VS0,VE0',
190 verbose headers   vary: 'Accept-Encoding' }
191 silly get cb [ 304,
191 silly get   { date: 'Mon, 05 Sep 2016 14:02:05 GMT',
191 silly get     via: '1.1 varnish',
191 silly get     'cache-control': 'max-age=300',
191 silly get     etag: '"EXSGC9XN4BY9ZERJQY6818XUF"',
191 silly get     age: '83',
191 silly get     connection: 'keep-alive',
191 silly get     'x-served-by': 'cache-mia1320-MIA',
191 silly get     'x-cache': 'HIT',
191 silly get     'x-cache-hits': '10',
191 silly get     'x-timer': 'S1473084125.437497,VS0,VE0',
191 silly get     vary: 'Accept-Encoding' } ]
192 verbose etag https://registry.npmjs.org/underscore from cache
193 verbose get saving underscore to /Users/antonio/.npm/registry.npmjs.org/underscore/.cache.json
194 verbose correctMkdir /Users/antonio/.npm correctMkdir not in flight; initializing
195 silly resolveWithNewModule underscore@1.8.3 checking installable status
196 silly cache add args [ 'underscore@^1.8.3', null ]
197 verbose cache add spec underscore@^1.8.3
198 silly cache add parsed spec Result {
198 silly cache add   raw: 'underscore@^1.8.3',
198 silly cache add   scope: null,
198 silly cache add   escapedName: 'underscore',
198 silly cache add   name: 'underscore',
198 silly cache add   rawSpec: '^1.8.3',
198 silly cache add   spec: '>=1.8.3 <2.0.0',
198 silly cache add   type: 'range' }
199 silly addNamed underscore@>=1.8.3 <2.0.0
200 verbose addNamed ">=1.8.3 <2.0.0" is a valid semver range for underscore
201 silly addNameRange { name: 'underscore', range: '>=1.8.3 <2.0.0', hasData: false }
202 silly mapToRegistry name underscore
203 silly mapToRegistry using default registry
204 silly mapToRegistry registry https://registry.npmjs.org/
205 silly mapToRegistry data Result {
205 silly mapToRegistry   raw: 'underscore',
205 silly mapToRegistry   scope: null,
205 silly mapToRegistry   escapedName: 'underscore',
205 silly mapToRegistry   name: 'underscore',
205 silly mapToRegistry   rawSpec: '',
205 silly mapToRegistry   spec: 'latest',
205 silly mapToRegistry   type: 'tag' }
206 silly mapToRegistry uri https://registry.npmjs.org/underscore
207 verbose addNameRange registry:https://registry.npmjs.org/underscore not in flight; fetching
208 verbose get https://registry.npmjs.org/underscore not expired, no request
209 silly addNameRange number 2 { name: 'underscore', range: '>=1.8.3 <2.0.0', hasData: true }
210 silly addNameRange versions [ 'underscore',
210 silly addNameRange   [ '1.0.3',
210 silly addNameRange     '1.0.4',
210 silly addNameRange     '1.1.0',
210 silly addNameRange     '1.1.1',
210 silly addNameRange     '1.1.2',
210 silly addNameRange     '1.1.3',
210 silly addNameRange     '1.1.4',
210 silly addNameRange     '1.1.5',
210 silly addNameRange     '1.1.6',
210 silly addNameRange     '1.1.7',
210 silly addNameRange     '1.2.0',
210 silly addNameRange     '1.2.1',
210 silly addNameRange     '1.2.2',
210 silly addNameRange     '1.2.3',
210 silly addNameRange     '1.2.4',
210 silly addNameRange     '1.3.0',
210 silly addNameRange     '1.3.1',
210 silly addNameRange     '1.3.2',
210 silly addNameRange     '1.3.3',
210 silly addNameRange     '1.4.0',
210 silly addNameRange     '1.4.1',
210 silly addNameRange     '1.4.2',
210 silly addNameRange     '1.4.3',
210 silly addNameRange     '1.4.4',
210 silly addNameRange     '1.5.0',
210 silly addNameRange     '1.5.1',
210 silly addNameRange     '1.5.2',
210 silly addNameRange     '1.6.0',
210 silly addNameRange     '1.7.0',
210 silly addNameRange     '1.8.0',
210 silly addNameRange     '1.8.1',
210 silly addNameRange     '1.8.2',
210 silly addNameRange     '1.8.3' ] ]
211 silly addNamed underscore@1.8.3
212 verbose addNamed "1.8.3" is a plain semver version for underscore
213 silly cache afterAdd underscore@1.8.3
214 verbose afterAdd /Users/antonio/.npm/underscore/1.8.3/package/package.json not in flight; writing
215 verbose correctMkdir /Users/antonio/.npm correctMkdir not in flight; initializing
216 verbose afterAdd /Users/antonio/.npm/underscore/1.8.3/package/package.json written
217 http 304 https://registry.npmjs.org/jquery
218 verbose headers { date: 'Mon, 05 Sep 2016 14:02:05 GMT',
218 verbose headers   via: '1.1 varnish',
218 verbose headers   'cache-control': 'max-age=300',
218 verbose headers   etag: '"7E6SMN4GVREDPKWUAWI153HWA"',
218 verbose headers   age: '0',
218 verbose headers   connection: 'keep-alive',
218 verbose headers   'x-served-by': 'cache-mia1321-MIA',
218 verbose headers   'x-cache': 'HIT',
218 verbose headers   'x-cache-hits': '1',
218 verbose headers   'x-timer': 'S1473084125.424529,VS0,VE97',
218 verbose headers   vary: 'Accept-Encoding' }
219 silly get cb [ 304,
219 silly get   { date: 'Mon, 05 Sep 2016 14:02:05 GMT',
219 silly get     via: '1.1 varnish',
219 silly get     'cache-control': 'max-age=300',
219 silly get     etag: '"7E6SMN4GVREDPKWUAWI153HWA"',
219 silly get     age: '0',
219 silly get     connection: 'keep-alive',
219 silly get     'x-served-by': 'cache-mia1321-MIA',
219 silly get     'x-cache': 'HIT',
219 silly get     'x-cache-hits': '1',
219 silly get     'x-timer': 'S1473084125.424529,VS0,VE97',
219 silly get     vary: 'Accept-Encoding' } ]
220 verbose etag https://registry.npmjs.org/jquery from cache
221 verbose get saving jquery to /Users/antonio/.npm/registry.npmjs.org/jquery/.cache.json
222 verbose correctMkdir /Users/antonio/.npm correctMkdir not in flight; initializing
223 silly resolveWithNewModule jquery@3.1.0 checking installable status
224 silly cache add args [ 'jquery@^3.1.0', null ]
225 verbose cache add spec jquery@^3.1.0
226 silly cache add parsed spec Result {
226 silly cache add   raw: 'jquery@^3.1.0',
226 silly cache add   scope: null,
226 silly cache add   escapedName: 'jquery',
226 silly cache add   name: 'jquery',
226 silly cache add   rawSpec: '^3.1.0',
226 silly cache add   spec: '>=3.1.0 <4.0.0',
226 silly cache add   type: 'range' }
227 silly addNamed jquery@>=3.1.0 <4.0.0
228 verbose addNamed ">=3.1.0 <4.0.0" is a valid semver range for jquery
229 silly addNameRange { name: 'jquery', range: '>=3.1.0 <4.0.0', hasData: false }
230 silly mapToRegistry name jquery
231 silly mapToRegistry using default registry
232 silly mapToRegistry registry https://registry.npmjs.org/
233 silly mapToRegistry data Result {
233 silly mapToRegistry   raw: 'jquery',
233 silly mapToRegistry   scope: null,
233 silly mapToRegistry   escapedName: 'jquery',
233 silly mapToRegistry   name: 'jquery',
233 silly mapToRegistry   rawSpec: '',
233 silly mapToRegistry   spec: 'latest',
233 silly mapToRegistry   type: 'tag' }
234 silly mapToRegistry uri https://registry.npmjs.org/jquery
235 verbose addNameRange registry:https://registry.npmjs.org/jquery not in flight; fetching
236 verbose get https://registry.npmjs.org/jquery not expired, no request
237 silly addNameRange number 2 { name: 'jquery', range: '>=3.1.0 <4.0.0', hasData: true }
238 silly addNameRange versions [ 'jquery',
238 silly addNameRange   [ '1.5.1',
238 silly addNameRange     '1.6.2',
238 silly addNameRange     '1.6.3',
238 silly addNameRange     '1.7.2',
238 silly addNameRange     '1.7.3',
238 silly addNameRange     '1.8.2',
238 silly addNameRange     '1.8.3',
238 silly addNameRange     '2.1.0-beta2',
238 silly addNameRange     '2.1.0-beta3',
238 silly addNameRange     '1.11.0-beta3',
238 silly addNameRange     '1.11.0-rc1',
238 silly addNameRange     '2.1.0-rc1',
238 silly addNameRange     '1.11.0',
238 silly addNameRange     '2.1.0',
238 silly addNameRange     '2.1.1-beta1',
238 silly addNameRange     '1.11.1-beta1',
238 silly addNameRange     '2.1.1-rc1',
238 silly addNameRange     '1.11.1-rc1',
238 silly addNameRange     '2.1.1-rc2',
238 silly addNameRange     '1.11.1-rc2',
238 silly addNameRange     '2.1.1',
238 silly addNameRange     '1.11.1',
238 silly addNameRange     '1.9.1',
238 silly addNameRange     '2.1.2',
238 silly addNameRange     '1.11.2',
238 silly addNameRange     '2.1.3',
238 silly addNameRange     '2.1.4',
238 silly addNameRange     '1.11.3',
238 silly addNameRange     '3.0.0-alpha1',
238 silly addNameRange     '1.12.0',
238 silly addNameRange     '2.2.0',
238 silly addNameRange     '3.0.0-beta1',
238 silly addNameRange     '1.12.1',
238 silly addNameRange     '2.2.1',
238 silly addNameRange     '1.12.2',
238 silly addNameRange     '2.2.2',
238 silly addNameRange     '1.12.3',
238 silly addNameRange     '2.2.3',
238 silly addNameRange     '1.12.4',
238 silly addNameRange     '2.2.4',
238 silly addNameRange     '3.0.0-rc1',
238 silly addNameRange     '3.0.0',
238 silly addNameRange     '3.1.0' ] ]
239 silly addNamed jquery@3.1.0
240 verbose addNamed "3.1.0" is a plain semver version for jquery
241 silly cache afterAdd jquery@3.1.0
242 verbose afterAdd /Users/antonio/.npm/jquery/3.1.0/package/package.json not in flight; writing
243 verbose correctMkdir /Users/antonio/.npm correctMkdir not in flight; initializing
244 verbose afterAdd /Users/antonio/.npm/jquery/3.1.0/package/package.json written
245 http 200 https://registry.npmjs.org/q
246 verbose headers { server: 'CouchDB/1.5.0 (Erlang OTP/R16B03)',
246 verbose headers   etag: '"1SGU6VRNTPPC08YWJ7LWB8E7X"',
246 verbose headers   'content-type': 'application/json',
246 verbose headers   'content-encoding': 'gzip',
246 verbose headers   'cache-control': 'max-age=300',
246 verbose headers   'content-length': '23172',
246 verbose headers   'accept-ranges': 'bytes',
246 verbose headers   date: 'Mon, 05 Sep 2016 14:02:05 GMT',
246 verbose headers   via: '1.1 varnish',
246 verbose headers   age: '91',
246 verbose headers   connection: 'keep-alive',
246 verbose headers   'x-served-by': 'cache-mia1320-MIA',
246 verbose headers   'x-cache': 'HIT',
246 verbose headers   'x-cache-hits': '4',
246 verbose headers   'x-timer': 'S1473084125.642860,VS0,VE0',
246 verbose headers   vary: 'Accept-Encoding' }
247 silly get cb [ 200,
247 silly get   { server: 'CouchDB/1.5.0 (Erlang OTP/R16B03)',
247 silly get     etag: '"1SGU6VRNTPPC08YWJ7LWB8E7X"',
247 silly get     'content-type': 'application/json',
247 silly get     'content-encoding': 'gzip',
247 silly get     'cache-control': 'max-age=300',
247 silly get     'content-length': '23172',
247 silly get     'accept-ranges': 'bytes',
247 silly get     date: 'Mon, 05 Sep 2016 14:02:05 GMT',
247 silly get     via: '1.1 varnish',
247 silly get     age: '91',
247 silly get     connection: 'keep-alive',
247 silly get     'x-served-by': 'cache-mia1320-MIA',
247 silly get     'x-cache': 'HIT',
247 silly get     'x-cache-hits': '4',
247 silly get     'x-timer': 'S1473084125.642860,VS0,VE0',
247 silly get     vary: 'Accept-Encoding' } ]
248 verbose get saving q to /Users/antonio/.npm/registry.npmjs.org/q/.cache.json
249 verbose correctMkdir /Users/antonio/.npm correctMkdir not in flight; initializing
250 silly resolveWithNewModule q@0.9.7 checking installable status
251 silly cache add args [ 'q@^0.9.7', null ]
252 verbose cache add spec q@^0.9.7
253 silly cache add parsed spec Result {
253 silly cache add   raw: 'q@^0.9.7',
253 silly cache add   scope: null,
253 silly cache add   escapedName: 'q',
253 silly cache add   name: 'q',
253 silly cache add   rawSpec: '^0.9.7',
253 silly cache add   spec: '>=0.9.7 <0.10.0',
253 silly cache add   type: 'range' }
254 silly addNamed q@>=0.9.7 <0.10.0
255 verbose addNamed ">=0.9.7 <0.10.0" is a valid semver range for q
256 silly addNameRange { name: 'q', range: '>=0.9.7 <0.10.0', hasData: false }
257 silly mapToRegistry name q
258 silly mapToRegistry using default registry
259 silly mapToRegistry registry https://registry.npmjs.org/
260 silly mapToRegistry data Result {
260 silly mapToRegistry   raw: 'q',
260 silly mapToRegistry   scope: null,
260 silly mapToRegistry   escapedName: 'q',
260 silly mapToRegistry   name: 'q',
260 silly mapToRegistry   rawSpec: '',
260 silly mapToRegistry   spec: 'latest',
260 silly mapToRegistry   type: 'tag' }
261 silly mapToRegistry uri https://registry.npmjs.org/q
262 verbose addNameRange registry:https://registry.npmjs.org/q not in flight; fetching
263 verbose get https://registry.npmjs.org/q not expired, no request
264 silly addNameRange number 2 { name: 'q', range: '>=0.9.7 <0.10.0', hasData: true }
265 silly addNameRange versions [ 'q',
265 silly addNameRange   [ '0.0.0',
265 silly addNameRange     '0.0.1',
265 silly addNameRange     '0.0.2',
265 silly addNameRange     '0.0.3',
265 silly addNameRange     '0.1.0',
265 silly addNameRange     '0.1.1',
265 silly addNameRange     '0.1.2',
265 silly addNameRange     '0.1.3',
265 silly addNameRange     '0.1.4',
265 silly addNameRange     '0.1.5',
265 silly addNameRange     '0.1.6',
265 silly addNameRange     '0.1.7',
265 silly addNameRange     '0.1.8',
265 silly addNameRange     '0.1.9',
265 silly addNameRange     '0.2.0-rc1',
265 silly addNameRange     '0.2.0',
265 silly addNameRange     '0.2.1',
265 silly addNameRange     '0.2.2',
265 silly addNameRange     '0.2.3',
265 silly addNameRange     '0.2.4',
265 silly addNameRange     '0.2.5',
265 silly addNameRange     '0.2.6',
265 silly addNameRange     '0.2.7',
265 silly addNameRange     '0.2.8',
265 silly addNameRange     '0.2.9',
265 silly addNameRange     '0.3.0',
265 silly addNameRange     '0.2.10',
265 silly addNameRange     '0.4.0',
265 silly addNameRange     '0.4.1',
265 silly addNameRange     '0.4.2',
265 silly addNameRange     '0.4.4',
265 silly addNameRange     '0.5.0',
265 silly addNameRange     '0.5.1',
265 silly addNameRange     '0.5.2',
265 silly addNameRange     '0.5.3',
265 silly addNameRange     '0.6.0',
265 silly addNameRange     '0.7.0',
265 silly addNameRange     '0.7.1',
265 silly addNameRange     '0.7.2',
265 silly addNameRange     '0.8.0',
265 silly addNameRange     '0.8.1',
265 silly addNameRange     '0.8.2',
265 silly addNameRange     '0.8.3',
265 silly addNameRange     '0.8.4',
265 silly addNameRange     '0.8.5',
265 silly addNameRange     '0.8.6',
265 silly addNameRange     '0.8.7',
265 silly addNameRange     '0.8.8',
265 silly addNameRange     '0.8.9',
265 silly addNameRange     '0.8.10',
265 silly addNameRange     '0.8.11',
265 silly addNameRange     '0.8.12',
265 silly addNameRange     '0.9.0',
265 silly addNameRange     '0.9.1',
265 silly addNameRange     '0.9.2',
265 silly addNameRange     '0.9.3',
265 silly addNameRange     '0.9.4',
265 silly addNameRange     '0.9.5',
265 silly addNameRange     '0.9.6',
265 silly addNameRange     '0.9.7',
265 silly addNameRange     '1.0.0',
265 silly addNameRange     '1.0.1',
265 silly addNameRange     '2.0.0',
265 silly addNameRange     '2.0.1',
265 silly addNameRange     '2.0.2',
265 silly addNameRange     '1.1.0',
265 silly addNameRange     '1.1.1',
265 silly addNameRange     '1.1.2',
265 silly addNameRange     '2.0.3',
265 silly addNameRange     '1.2.0',
265 silly addNameRange     '1.2.1',
265 silly addNameRange     '1.3.0',
265 silly addNameRange     '1.4.0',
265 silly addNameRange     '1.4.1' ] ]
266 silly addNamed q@0.9.7
267 verbose addNamed "0.9.7" is a plain semver version for q
268 silly cache afterAdd q@0.9.7
269 verbose afterAdd /Users/antonio/.npm/q/0.9.7/package/package.json not in flight; writing
270 verbose correctMkdir /Users/antonio/.npm correctMkdir not in flight; initializing
271 verbose afterAdd /Users/antonio/.npm/q/0.9.7/package/package.json written
272 silly loadAllDepsIntoIdealTree Finishing
273 silly loadIdealTree Finishing
274 silly currentTree lib
274 silly currentTree └─┬ saffie@1.0.0
274 silly currentTree   ├── co-prompt@1.0.0
274 silly currentTree   ├── co@4.6.0
274 silly currentTree   ├── commander@2.9.0
274 silly currentTree   ├── graceful-readlink@1.0.1
274 silly currentTree   ├── jquery@3.1.0
274 silly currentTree   ├── keypress@0.2.1
274 silly currentTree   ├── q@1.4.1
274 silly currentTree   ├─┬ requestify@0.2.3
274 silly currentTree   │ └── q@0.9.7
274 silly currentTree   └── underscore@1.8.3
275 silly idealTree lib
275 silly idealTree └─┬ saffie@1.0.0
275 silly idealTree   ├── commander@2.9.0
275 silly idealTree   ├── graceful-readlink@1.0.1
275 silly idealTree   ├── jquery@3.1.0
275 silly idealTree   ├── q@0.9.7
275 silly idealTree   ├── requestify@0.2.3
275 silly idealTree   └── underscore@1.8.3
276 silly generateActionsToTake Starting
277 silly install generateActionsToTake
278 silly generateActionsToTake Finishing
279 silly diffTrees action count 6
280 silly diffTrees remove keypress@0.2.1
281 silly diffTrees update q@0.9.7
282 silly diffTrees remove q@0.9.7
283 silly diffTrees remove co@4.6.0
284 silly diffTrees remove co-prompt@1.0.0
285 silly diffTrees update saffie@1.0.0
286 silly decomposeActions action count 20
287 silly decomposeActions remove keypress@0.2.1
288 silly decomposeActions fetch q@0.9.7
289 silly decomposeActions extract q@0.9.7
290 silly decomposeActions test q@0.9.7
291 silly decomposeActions preinstall q@0.9.7
292 silly decomposeActions build q@0.9.7
293 silly decomposeActions install q@0.9.7
294 silly decomposeActions postinstall q@0.9.7
295 silly decomposeActions finalize q@0.9.7
296 silly decomposeActions remove q@0.9.7
297 silly decomposeActions remove co@4.6.0
298 silly decomposeActions remove co-prompt@1.0.0
299 silly decomposeActions fetch saffie@1.0.0
300 silly decomposeActions extract saffie@1.0.0
301 silly decomposeActions test saffie@1.0.0
302 silly decomposeActions preinstall saffie@1.0.0
303 silly decomposeActions build saffie@1.0.0
304 silly decomposeActions install saffie@1.0.0
305 silly decomposeActions postinstall saffie@1.0.0
306 silly decomposeActions finalize saffie@1.0.0
307 silly executeActions Starting
308 silly install executeActions
309 silly doSerial global-install 0
310 silly doParallel fetch 2
311 verbose correctMkdir /Users/antonio/.npm/_locks correctMkdir not in flight; initializing
312 verbose lock using /Users/antonio/.npm/_locks/staging-3a08f0df5026584d.lock for /usr/local/lib/node_modules/.staging
313 silly doParallel extract 2
314 silly extract q@0.9.7
315 silly extract saffie@1.0.0
316 verbose unbuild lib/node_modules/.staging/q-f034aa56
317 verbose unbuild lib/node_modules/.staging/saffie-5a640a43
318 silly gentlyRm /usr/local/lib/node_modules/.staging/q-f034aa56 is being purged from base /usr/local
319 verbose gentlyRm don't care about contents; nuking /usr/local/lib/node_modules/.staging/q-f034aa56
320 verbose tar unpack /Users/antonio/.npm/q/0.9.7/package.tgz
321 verbose tar unpacking to /usr/local/lib/node_modules/.staging/q-f034aa56
322 silly gentlyRm /usr/local/lib/node_modules/.staging/q-f034aa56 is being purged
323 verbose gentlyRm don't care about contents; nuking /usr/local/lib/node_modules/.staging/q-f034aa56
324 silly gentlyRm /usr/local/lib/node_modules/.staging/saffie-5a640a43 is being purged from base /usr/local
325 verbose gentlyRm don't care about contents; nuking /usr/local/lib/node_modules/.staging/saffie-5a640a43
326 silly gunzTarPerm modes [ '755', '644' ]
327 verbose tar unpack /Users/antonio/.npm/saffie/1.0.0/package.tgz
328 verbose tar unpacking to /usr/local/lib/node_modules/.staging/saffie-5a640a43
329 silly gentlyRm /usr/local/lib/node_modules/.staging/saffie-5a640a43 is being purged
330 verbose gentlyRm don't care about contents; nuking /usr/local/lib/node_modules/.staging/saffie-5a640a43
331 silly gunzTarPerm modes [ '755', '644' ]
332 silly gunzTarPerm extractEntry package.json
333 silly gunzTarPerm extractEntry package.json
334 silly gunzTarPerm extractEntry README.md
335 silly gunzTarPerm extractEntry LICENSE
336 silly gunzTarPerm extractEntry .eslintrc.js
337 silly gunzTarPerm extractEntry index.js
338 silly gunzTarPerm extractEntry q.js
339 silly gunzTarPerm extractEntry queue.js
340 silly gunzTarPerm extractEntry CONTRIBUTING.md
341 silly gunzTarPerm extractEntry prueba.js
342 silly gunzTarPerm extractEntry Layer 1 - Business Logic/interpreter.js
343 silly gunzTarPerm extractEntry benchmark/compare-with-callbacks.js
344 silly gunzTarPerm extractEntry Layer 1 - Business Logic/logic.js
345 silly gunzTarPerm extractEntry controllers/organizationController.js
346 silly gunzTarPerm extractEntry controllers/sessionController.js
347 silly gunzTarPerm extractEntry models/session.js
348 silly gunzTarPerm extractEntry benchmark/scenarios.js
349 silly gentlyRm /usr/local/lib/node_modules/.staging/q-f034aa56/node_modules is being purged
350 verbose gentlyRm don't care about contents; nuking /usr/local/lib/node_modules/.staging/q-f034aa56/node_modules
351 silly gentlyRm /usr/local/lib/node_modules/.staging/saffie-5a640a43/node_modules is being purged
352 verbose gentlyRm don't care about contents; nuking /usr/local/lib/node_modules/.staging/saffie-5a640a43/node_modules
353 silly doParallel preinstall 2
354 silly preinstall q@0.9.7 /usr/local/lib/node_modules/.staging/q-f034aa56
355 info lifecycle q@0.9.7~preinstall: q@0.9.7
356 silly preinstall saffie@1.0.0 /usr/local/lib/node_modules/.staging/saffie-5a640a43
357 info lifecycle saffie@1.0.0~preinstall: saffie@1.0.0
358 silly lifecycle q@0.9.7~preinstall: no script for preinstall, continuing
359 silly lifecycle saffie@1.0.0~preinstall: no script for preinstall, continuing
360 silly doReverseSerial remove 4
361 silly remove /usr/local/lib/node_modules/saffie/node_modules/co-prompt
362 verbose unbuild lib/node_modules/saffie/node_modules/co-prompt
363 info lifecycle co-prompt@1.0.0~preuninstall: co-prompt@1.0.0
364 silly lifecycle co-prompt@1.0.0~preuninstall: no script for preuninstall, continuing
365 info lifecycle co-prompt@1.0.0~uninstall: co-prompt@1.0.0
366 silly lifecycle co-prompt@1.0.0~uninstall: no script for uninstall, continuing
367 verbose unbuild rmStuff co-prompt@1.0.0 from /usr/local/lib/node_modules
368 verbose unbuild rmStuff in /usr/local/lib/node_modules/saffie/node_modules
369 info lifecycle co-prompt@1.0.0~postuninstall: co-prompt@1.0.0
370 silly lifecycle co-prompt@1.0.0~postuninstall: no script for postuninstall, continuing
371 silly gentlyRm /usr/local/lib/node_modules/saffie/node_modules/co-prompt is being purged from base /usr/local
372 verbose gentlyRm don't care about contents; nuking /usr/local/lib/node_modules/saffie/node_modules/co-prompt
373 silly vacuum-fs purging /usr/local/lib/node_modules/saffie/node_modules/co-prompt
374 silly vacuum-fs quitting because other entries in /usr/local/lib/node_modules/saffie/node_modules
375 silly remove /usr/local/lib/node_modules/saffie/node_modules/co
376 verbose unbuild lib/node_modules/saffie/node_modules/co
377 info lifecycle co@4.6.0~preuninstall: co@4.6.0
378 silly lifecycle co@4.6.0~preuninstall: no script for preuninstall, continuing
379 info lifecycle co@4.6.0~uninstall: co@4.6.0
380 silly lifecycle co@4.6.0~uninstall: no script for uninstall, continuing
381 verbose unbuild rmStuff co@4.6.0 from /usr/local/lib/node_modules
382 verbose unbuild rmStuff in /usr/local/lib/node_modules/saffie/node_modules
383 info lifecycle co@4.6.0~postuninstall: co@4.6.0
384 silly lifecycle co@4.6.0~postuninstall: no script for postuninstall, continuing
385 silly gentlyRm /usr/local/lib/node_modules/saffie/node_modules/co is being purged from base /usr/local
386 verbose gentlyRm don't care about contents; nuking /usr/local/lib/node_modules/saffie/node_modules/co
387 silly vacuum-fs purging /usr/local/lib/node_modules/saffie/node_modules/co
388 silly vacuum-fs quitting because other entries in /usr/local/lib/node_modules/saffie/node_modules
389 silly remove /usr/local/lib/node_modules/saffie/node_modules/requestify/node_modules/q
390 verbose unbuild lib/node_modules/saffie/node_modules/requestify/node_modules/q
391 info lifecycle q@0.9.7~preuninstall: q@0.9.7
392 silly lifecycle q@0.9.7~preuninstall: no script for preuninstall, continuing
393 info lifecycle q@0.9.7~uninstall: q@0.9.7
394 silly lifecycle q@0.9.7~uninstall: no script for uninstall, continuing
395 verbose unbuild rmStuff q@0.9.7 from /usr/local/lib/node_modules
396 verbose unbuild rmStuff in /usr/local/lib/node_modules/saffie/node_modules/requestify/node_modules
397 info lifecycle q@0.9.7~postuninstall: q@0.9.7
398 silly lifecycle q@0.9.7~postuninstall: no script for postuninstall, continuing
399 silly gentlyRm /usr/local/lib/node_modules/saffie/node_modules/requestify/node_modules/q is being purged from base /usr/local
400 verbose gentlyRm don't care about contents; nuking /usr/local/lib/node_modules/saffie/node_modules/requestify/node_modules/q
401 silly vacuum-fs purging /usr/local/lib/node_modules/saffie/node_modules/requestify/node_modules/q
402 silly vacuum-fs removing /usr/local/lib/node_modules/saffie/node_modules/requestify/node_modules
403 silly vacuum-fs quitting because other entries in /usr/local/lib/node_modules/saffie/node_modules/requestify
404 silly remove /usr/local/lib/node_modules/saffie/node_modules/keypress
405 verbose unbuild lib/node_modules/saffie/node_modules/keypress
406 info lifecycle keypress@0.2.1~preuninstall: keypress@0.2.1
407 silly lifecycle keypress@0.2.1~preuninstall: no script for preuninstall, continuing
408 info lifecycle keypress@0.2.1~uninstall: keypress@0.2.1
409 silly lifecycle keypress@0.2.1~uninstall: no script for uninstall, continuing
410 verbose unbuild rmStuff keypress@0.2.1 from /usr/local/lib/node_modules
411 verbose unbuild rmStuff in /usr/local/lib/node_modules/saffie/node_modules
412 info lifecycle keypress@0.2.1~postuninstall: keypress@0.2.1
413 silly lifecycle keypress@0.2.1~postuninstall: no script for postuninstall, continuing
414 silly gentlyRm /usr/local/lib/node_modules/saffie/node_modules/keypress is being purged from base /usr/local
415 verbose gentlyRm don't care about contents; nuking /usr/local/lib/node_modules/saffie/node_modules/keypress
416 silly vacuum-fs purging /usr/local/lib/node_modules/saffie/node_modules/keypress
417 silly vacuum-fs quitting because other entries in /usr/local/lib/node_modules/saffie/node_modules
418 silly doSerial move 0
419 silly doSerial finalize 2
420 silly finalize /usr/local/lib/node_modules/saffie/node_modules/q
421 silly finalize /usr/local/lib/node_modules/saffie
422 silly doSerial build 2
423 silly build q@0.9.7
424 info linkStuff q@0.9.7
425 silly linkStuff q@0.9.7 has /usr/local/lib/node_modules/saffie/node_modules as its parent node_modules
426 silly linkStuff q@0.9.7 is part of a global install
427 silly linkStuff q@0.9.7 is installed into a global node_modules
428 verbose linkBins q@0.9.7
429 verbose linkMans q@0.9.7
430 silly build saffie@1.0.0
431 info linkStuff saffie@1.0.0
432 silly linkStuff saffie@1.0.0 has /usr/local/lib/node_modules as its parent node_modules
433 silly linkStuff saffie@1.0.0 is part of a global install
434 silly linkStuff saffie@1.0.0 is installed into a global node_modules
435 silly linkStuff saffie@1.0.0 is installed into the top-level global node_modules
436 verbose linkBins saffie@1.0.0
437 verbose link bins [ { saffie: './index.js' }, '/usr/local/bin', true ]
438 verbose linkMans saffie@1.0.0
439 silly gentlyRm /usr/local/bin/saffie is being gently removed
440 silly gentlyRm parent.path = /usr/local
441 silly gentlyRm parent.managed = /usr/local is in /usr/local
442 silly gentlyRm target.path =  /usr/local/bin/saffie
443 silly gentlyRm target.symlink = ../lib/node_modules/saffie/Layer 0 - User Interface/lector.js
444 silly gentlyRm target.managed = false
445 silly gentlyRm target.inParent =  false
446 verbose unlock done using /Users/antonio/.npm/_locks/staging-3a08f0df5026584d.lock for /usr/local/lib/node_modules/.staging
447 silly rollbackFailedOptional Starting
448 silly rollbackFailedOptional Finishing
449 silly runTopLevelLifecycles Starting
450 silly runTopLevelLifecycles Finishing
451 silly install printInstalled
452 verbose stack Error: Refusing to delete /usr/local/bin/saffie: ../lib/node_modules/saffie/Layer 0 - User Interface/lector.js symlink target is not controlled by npm /usr/local
452 verbose stack     at clobberFail (/usr/local/lib/node_modules/npm/lib/utils/gently-rm.js:162:12)
452 verbose stack     at isSafeToRm (/usr/local/lib/node_modules/npm/lib/utils/gently-rm.js:152:15)
452 verbose stack     at /usr/local/lib/node_modules/npm/lib/utils/gently-rm.js:93:5
452 verbose stack     at LOOP (/usr/local/lib/node_modules/npm/node_modules/slide/lib/chain.js:7:26)
452 verbose stack     at /usr/local/lib/node_modules/npm/node_modules/slide/lib/chain.js:18:7
452 verbose stack     at /usr/local/lib/node_modules/npm/lib/utils/gently-rm.js:179:14
452 verbose stack     at /usr/local/lib/node_modules/npm/node_modules/iferr/index.js:11:16
452 verbose stack     at /usr/local/lib/node_modules/npm/node_modules/iferr/index.js:11:16
452 verbose stack     at /usr/local/lib/node_modules/npm/node_modules/iferr/index.js:11:16
452 verbose stack     at /usr/local/lib/node_modules/npm/node_modules/iferr/index.js:11:16
453 verbose cwd /Users/antonio/Documents/universidad/10mo Semestre/Diseño de Software
454 error Darwin 15.6.0
455 error argv "/usr/local/Cellar/node/5.10.1/bin/node" "/usr/local/bin/npm" "install" "-g"
456 error node v6.4.0
457 error npm  v3.10.3
458 error path /usr/local/bin/saffie
459 error code EEXIST
460 error Refusing to delete /usr/local/bin/saffie: ../lib/node_modules/saffie/Layer 0 - User Interface/lector.js symlink target is not controlled by npm /usr/local
461 error File exists: /usr/local/bin/saffie
462 error Move it away, and try again.
463 verbose exit [ 1, true ]
